<?xml version="1.0" encoding="utf-8"?><testsuites name="pytest tests"><testsuite name="pytest" errors="0" failures="0" skipped="0" tests="13" time="21.344" timestamp="2026-02-21T19:34:32.671777+00:00" hostname="agent-env-1cbe45de-444b-4990-8e38-53d0b54072ab"><testcase classname="backend.tests.test_sendgrid_fix.TestSendGridFix" name="test_health_endpoint" time="1.034" /><testcase classname="backend.tests.test_sendgrid_fix.TestSendGridFix" name="test_seed_demo_endpoint" time="0.810" /><testcase classname="backend.tests.test_sendgrid_fix.TestSendGridFix" name="test_demo_login_fraktion" time="0.808" /><testcase classname="backend.tests.test_sendgrid_fix.TestSendGridFix" name="test_demo_login_verband" time="0.811" /><testcase classname="backend.tests.test_sendgrid_fix.TestSendGridFix" name="test_sendgrid_email_sending" time="0.905" /><testcase classname="backend.tests.test_sendgrid_fix.TestSendGridFix" name="test_sendgrid_email_multiple_recipients" time="1.044" /><testcase classname="backend.tests.test_sendgrid_fix.TestFractionMeetings" name="test_create_fraction_meeting" time="0.818" /><testcase classname="backend.tests.test_sendgrid_fix.TestFractionMeetings" name="test_get_fraction_meetings" time="0.815" /><testcase classname="backend.tests.test_sendgrid_fix.TestAIFeatures" name="test_ai_generate_invitation" time="5.838" /><testcase classname="backend.tests.test_sendgrid_fix.TestAIFeatures" name="test_ai_generate_protocol" time="5.831" /><testcase classname="backend.tests.test_sendgrid_fix.TestMemberManagement" name="test_get_organization_members" time="0.941" /><testcase classname="backend.tests.test_sendgrid_fix.TestSupportTickets" name="test_create_support_ticket" time="0.816" /><testcase classname="backend.tests.test_sendgrid_fix.TestSupportTickets" name="test_get_support_tickets" time="0.802" /></testsuite></testsuites>