<?xml version="1.0" encoding="utf-8"?><testsuites name="pytest tests"><testsuite name="pytest" errors="0" failures="0" skipped="0" tests="12" time="3.251" timestamp="2026-02-20T16:49:27.481720+00:00" hostname="agent-env-a51b78df-6d68-4edf-a835-54b6fccebf82"><testcase classname="backend.tests.test_smtp_org.TestAuthAndDemoSetup" name="test_seed_demo_data" time="0.238" /><testcase classname="backend.tests.test_smtp_org.TestAuthAndDemoSetup" name="test_login_demo_account" time="0.204" /><testcase classname="backend.tests.test_smtp_org.TestOrganizationNameFilter" name="test_organization_filter_by_name" time="0.196" /><testcase classname="backend.tests.test_smtp_org.TestOrganizationNameFilter" name="test_organization_list_without_filter" time="0.160" /><testcase classname="backend.tests.test_smtp_org.TestSMTPConfiguration" name="test_update_organization_with_smtp" time="0.264" /><testcase classname="backend.tests.test_smtp_org.TestSMTPConfiguration" name="test_verify_smtp_settings_persist" time="0.266" /><testcase classname="backend.tests.test_smtp_org.TestSMTPConfiguration" name="test_smtp_test_endpoint_exists" time="0.770" /><testcase classname="backend.tests.test_smtp_org.TestFractionMeetings" name="test_list_fraction_meetings" time="0.203" /><testcase classname="backend.tests.test_smtp_org.TestFractionMeetings" name="test_create_fraction_meeting_with_agenda" time="0.178" /><testcase classname="backend.tests.test_smtp_org.TestFractionMeetings" name="test_create_meeting_with_invitation_text" time="0.173" /><testcase classname="backend.tests.test_smtp_org.TestFractionMeetings" name="test_get_fraction_meeting_details" time="0.331" /><testcase classname="backend.tests.test_smtp_org.TestOrganizationMembers" name="test_get_organization_members" time="0.154" /></testsuite></testsuites>