<?xml version="1.0" encoding="utf-8"?><testsuites name="pytest tests"><testsuite name="pytest" errors="0" failures="0" skipped="0" tests="7" time="13.256" timestamp="2026-02-20T14:25:56.223112+00:00" hostname="agent-env-a51b78df-6d68-4edf-a835-54b6fccebf82"><testcase classname="tests.test_member_roles.TestMemberRoleManagement" name="test_login_with_demo_account" time="1.467" /><testcase classname="tests.test_member_roles.TestMemberRoleManagement" name="test_get_organization_members" time="1.149" /><testcase classname="tests.test_member_roles.TestMemberRoleManagement" name="test_update_user_role" time="1.911" /><testcase classname="tests.test_member_roles.TestMemberRoleManagement" name="test_role_change_persists" time="2.409" /><testcase classname="tests.test_member_roles.TestMemberRoleManagement" name="test_all_valid_roles" time="3.951" /><testcase classname="tests.test_member_roles.TestMemberRoleManagement" name="test_members_list_shows_name_and_email" time="1.161" /><testcase classname="tests.test_member_roles.TestMemberRoleManagement" name="test_nonexistent_user_role_update" time="1.138" /></testsuite></testsuites>