<?xml version="1.0" encoding="utf-8"?><testsuites name="pytest tests"><testsuite name="pytest" errors="0" failures="0" skipped="0" tests="12" time="58.244" timestamp="2026-02-19T11:25:12.858559+00:00" hostname="agent-env-87f09abd-aa70-4621-82d9-27a728853a39"><testcase classname="tests.test_ai_endpoints.TestHealthCheck" name="test_api_health" time="0.576" /><testcase classname="tests.test_ai_endpoints.TestAIEmailGeneration" name="test_generate_newsletter_email" time="7.967" /><testcase classname="tests.test_ai_endpoints.TestAIEmailGeneration" name="test_generate_kreisparteitag_email" time="4.505" /><testcase classname="tests.test_ai_endpoints.TestAIEmailGeneration" name="test_generate_custom_topic_email" time="4.880" /><testcase classname="tests.test_ai_endpoints.TestAIEmailGeneration" name="test_generate_email_without_organization" time="5.589" /><testcase classname="tests.test_ai_endpoints.TestAIProtocolGeneration" name="test_generate_meeting_protocol" time="9.886" /><testcase classname="tests.test_ai_endpoints.TestAIProtocolGeneration" name="test_generate_protocol_with_details" time="4.206" /><testcase classname="tests.test_ai_endpoints.TestAIInvitationGeneration" name="test_generate_meeting_invitation" time="2.838" /><testcase classname="tests.test_ai_endpoints.TestAIInvitationGeneration" name="test_generate_invitation_with_context" time="6.359" /><testcase classname="tests.test_ai_endpoints.TestEmailSendEndpoint" name="test_send_invitation_email" time="0.465" /><testcase classname="tests.test_ai_endpoints.TestEdgeCases" name="test_empty_topic_email" time="1.841" /><testcase classname="tests.test_ai_endpoints.TestEdgeCases" name="test_long_prompt_protocol" time="9.027" /></testsuite></testsuites>