<?xml version="1.0" encoding="utf-8"?><testsuites name="pytest tests"><testsuite name="pytest" errors="0" failures="0" skipped="0" tests="10" time="1.445" timestamp="2026-02-20T16:24:27.587426+00:00" hostname="agent-env-a51b78df-6d68-4edf-a835-54b6fccebf82"><testcase classname="backend.tests.test_bug_fixes.TestMotionsAPI" name="test_list_motions" time="0.268" /><testcase classname="backend.tests.test_bug_fixes.TestMotionsAPI" name="test_create_motion_with_type" time="0.084" /><testcase classname="backend.tests.test_bug_fixes.TestMotionsAPI" name="test_update_motion_type" time="0.269" /><testcase classname="backend.tests.test_bug_fixes.TestFractionMeetingsAPI" name="test_list_fraction_meetings" time="0.078" /><testcase classname="backend.tests.test_bug_fixes.TestFractionMeetingsAPI" name="test_create_fraction_meeting" time="0.173" /><testcase classname="backend.tests.test_bug_fixes.TestOrganizationAPI" name="test_get_organization_members" time="0.080" /><testcase classname="backend.tests.test_bug_fixes.TestOrganizationAPI" name="test_get_organization_details" time="0.079" /><testcase classname="backend.tests.test_bug_fixes.TestSMTPEndpoint" name="test_smtp_test_without_config" time="0.077" /><testcase classname="backend.tests.test_bug_fixes.TestPrintTemplates" name="test_list_print_templates" time="0.121" /><testcase classname="backend.tests.test_bug_fixes.TestCleanup" name="test_cleanup_test_motions" time="0.159" /></testsuite></testsuites>