<?xml version="1.0" encoding="utf-8"?><testsuites name="pytest tests"><testsuite name="pytest" errors="0" failures="3" skipped="0" tests="14" time="15.428" timestamp="2026-02-19T10:53:42.594337+00:00" hostname="agent-env-87f09abd-aa70-4621-82d9-27a728853a39"><testcase classname="backend.tests.test_kommunalcrm.TestHealthCheck" name="test_api_health" time="0.600" /><testcase classname="backend.tests.test_kommunalcrm.TestAuthentication" name="test_seed_demo_data" time="0.475" /><testcase classname="backend.tests.test_kommunalcrm.TestAuthentication" name="test_demo_login" time="0.587" /><testcase classname="backend.tests.test_kommunalcrm.TestAuthentication" name="test_login_invalid_credentials" time="0.453" /><testcase classname="backend.tests.test_kommunalcrm.TestRegistration" name="test_registration_success" time="0.447" /><testcase classname="backend.tests.test_kommunalcrm.TestRegistration" name="test_registration_with_verband_type" time="0.460" /><testcase classname="backend.tests.test_kommunalcrm.TestRegistration" name="test_registration_duplicate_email" time="0.936" /><testcase classname="backend.tests.test_kommunalcrm.TestUserProfile" name="test_get_current_user" time="1.446"><failure message="assert 401 == 200&#10; +  where 401 = &lt;Response [401]&gt;.status_code">backend/tests/test_kommunalcrm.py:143: in test_get_current_user
    assert response.status_code == 200
E   assert 401 == 200
E    +  where 401 = &lt;Response [401]&gt;.status_code</failure></testcase><testcase classname="backend.tests.test_kommunalcrm.TestUserProfile" name="test_update_user_profile" time="1.425"><failure message="assert 401 == 200&#10; +  where 401 = &lt;Response [401]&gt;.status_code">backend/tests/test_kommunalcrm.py:162: in test_update_user_profile
    assert response.status_code == 200
E   assert 401 == 200
E    +  where 401 = &lt;Response [401]&gt;.status_code</failure></testcase><testcase classname="backend.tests.test_kommunalcrm.TestUserProfile" name="test_change_org_type" time="1.331"><failure message="assert 401 == 200&#10; +  where 401 = &lt;Response [401]&gt;.status_code">backend/tests/test_kommunalcrm.py:182: in test_change_org_type
    assert response.status_code == 200
E   assert 401 == 200
E    +  where 401 = &lt;Response [401]&gt;.status_code</failure></testcase><testcase classname="backend.tests.test_kommunalcrm.TestContacts" name="test_create_contact" time="1.413" /><testcase classname="backend.tests.test_kommunalcrm.TestContacts" name="test_list_contacts" time="1.402" /><testcase classname="backend.tests.test_kommunalcrm.TestContacts" name="test_update_contact" time="1.904" /><testcase classname="backend.tests.test_kommunalcrm.TestContacts" name="test_delete_contact" time="2.299" /></testsuite></testsuites>